Performing C++ SOURCE FILE Test COMPILER_SUPPORT_Wshorten64to32 failed with the following output:
Change Dir: /home/local/eda03/zixuan/NewPar/include/eigen/bulid_dir/CMakeFiles/CMakeTmp

Run Build Command:"/usr/bin/gmake" "cmTC_39cdf/fast"
/usr/bin/gmake -f CMakeFiles/cmTC_39cdf.dir/build.make CMakeFiles/cmTC_39cdf.dir/build
gmake[1]: Entering directory '/home/local/eda03/zixuan/NewPar/include/eigen/bulid_dir/CMakeFiles/CMakeTmp'
Building CXX object CMakeFiles/cmTC_39cdf.dir/src.cxx.o
/usr/bin/c++    -std=c++03 -pedantic -Wall -Wextra -Wundef -Wcast-align -Wchar-subscripts -Wnon-virtual-dtor -Wunused-local-typedefs -Wpointer-arith -Wwrite-strings -Wformat-security -DCOMPILER_SUPPORT_Wshorten64to32 -Werror   -Wshorten-64-to-32 -o CMakeFiles/cmTC_39cdf.dir/src.cxx.o -c /home/local/eda03/zixuan/NewPar/include/eigen/bulid_dir/CMakeFiles/CMakeTmp/src.cxx
c++: error: unrecognized command line option '-Wshorten-64-to-32'
CMakeFiles/cmTC_39cdf.dir/build.make:65: recipe for target 'CMakeFiles/cmTC_39cdf.dir/src.cxx.o' failed
gmake[1]: *** [CMakeFiles/cmTC_39cdf.dir/src.cxx.o] Error 1
gmake[1]: Leaving directory '/home/local/eda03/zixuan/NewPar/include/eigen/bulid_dir/CMakeFiles/CMakeTmp'
Makefile:121: recipe for target 'cmTC_39cdf/fast' failed
gmake: *** [cmTC_39cdf/fast] Error 2

Source file was:
int main() { return 0; }
Performing C++ SOURCE FILE Test COMPILER_SUPPORT_Wenumconversion failed with the following output:
Change Dir: /home/local/eda03/zixuan/NewPar/include/eigen/bulid_dir/CMakeFiles/CMakeTmp

Run Build Command:"/usr/bin/gmake" "cmTC_c4aee/fast"
/usr/bin/gmake -f CMakeFiles/cmTC_c4aee.dir/build.make CMakeFiles/cmTC_c4aee.dir/build
gmake[1]: Entering directory '/home/local/eda03/zixuan/NewPar/include/eigen/bulid_dir/CMakeFiles/CMakeTmp'
Building CXX object CMakeFiles/cmTC_c4aee.dir/src.cxx.o
/usr/bin/c++    -std=c++03 -pedantic -Wall -Wextra -Wundef -Wcast-align -Wchar-subscripts -Wnon-virtual-dtor -Wunused-local-typedefs -Wpointer-arith -Wwrite-strings -Wformat-security -Wlogical-op -DCOMPILER_SUPPORT_Wenumconversion -Werror   -Wenum-conversion -o CMakeFiles/cmTC_c4aee.dir/src.cxx.o -c /home/local/eda03/zixuan/NewPar/include/eigen/bulid_dir/CMakeFiles/CMakeTmp/src.cxx
c++: error: unrecognized command line option '-Wenum-conversion'; did you mean '-Wno-conversion'?
CMakeFiles/cmTC_c4aee.dir/build.make:65: recipe for target 'CMakeFiles/cmTC_c4aee.dir/src.cxx.o' failed
gmake[1]: *** [CMakeFiles/cmTC_c4aee.dir/src.cxx.o] Error 1
gmake[1]: Leaving directory '/home/local/eda03/zixuan/NewPar/include/eigen/bulid_dir/CMakeFiles/CMakeTmp'
Makefile:121: recipe for target 'cmTC_c4aee/fast' failed
gmake: *** [cmTC_c4aee/fast] Error 2

Source file was:
int main() { return 0; }
Performing C++ SOURCE FILE Test COMPILER_SUPPORT_Wcpp11extensions failed with the following output:
Change Dir: /home/local/eda03/zixuan/NewPar/include/eigen/bulid_dir/CMakeFiles/CMakeTmp

Run Build Command:"/usr/bin/gmake" "cmTC_c0894/fast"
/usr/bin/gmake -f CMakeFiles/cmTC_c0894.dir/build.make CMakeFiles/cmTC_c0894.dir/build
gmake[1]: Entering directory '/home/local/eda03/zixuan/NewPar/include/eigen/bulid_dir/CMakeFiles/CMakeTmp'
Building CXX object CMakeFiles/cmTC_c0894.dir/src.cxx.o
/usr/bin/c++    -std=c++03 -pedantic -Wall -Wextra -Wundef -Wcast-align -Wchar-subscripts -Wnon-virtual-dtor -Wunused-local-typedefs -Wpointer-arith -Wwrite-strings -Wformat-security -Wlogical-op -DCOMPILER_SUPPORT_Wcpp11extensions -Werror   -Wc++11-extensions -o CMakeFiles/cmTC_c0894.dir/src.cxx.o -c /home/local/eda03/zixuan/NewPar/include/eigen/bulid_dir/CMakeFiles/CMakeTmp/src.cxx
c++: error: unrecognized command line option '-Wc++11-extensions'; did you mean '-fms-extensions'?
CMakeFiles/cmTC_c0894.dir/build.make:65: recipe for target 'CMakeFiles/cmTC_c0894.dir/src.cxx.o' failed
gmake[1]: *** [CMakeFiles/cmTC_c0894.dir/src.cxx.o] Error 1
gmake[1]: Leaving directory '/home/local/eda03/zixuan/NewPar/include/eigen/bulid_dir/CMakeFiles/CMakeTmp'
Makefile:121: recipe for target 'cmTC_c0894/fast' failed
gmake: *** [cmTC_c0894/fast] Error 2

Source file was:
int main() { return 0; }
Performing C++ SOURCE FILE Test COMPILER_SUPPORT_wd981 failed with the following output:
Change Dir: /home/local/eda03/zixuan/NewPar/include/eigen/bulid_dir/CMakeFiles/CMakeTmp

Run Build Command:"/usr/bin/gmake" "cmTC_0e05f/fast"
/usr/bin/gmake -f CMakeFiles/cmTC_0e05f.dir/build.make CMakeFiles/cmTC_0e05f.dir/build
gmake[1]: Entering directory '/home/local/eda03/zixuan/NewPar/include/eigen/bulid_dir/CMakeFiles/CMakeTmp'
Building CXX object CMakeFiles/cmTC_0e05f.dir/src.cxx.o
/usr/bin/c++    -std=c++03 -pedantic -Wall -Wextra -Wundef -Wcast-align -Wchar-subscripts -Wnon-virtual-dtor -Wunused-local-typedefs -Wpointer-arith -Wwrite-strings -Wformat-security -Wlogical-op -Wdouble-promotion -Wno-psabi -Wno-variadic-macros -Wno-long-long -fno-check-new -fno-common -fstrict-aliasing -DCOMPILER_SUPPORT_wd981 -Werror   -wd981 -o CMakeFiles/cmTC_0e05f.dir/src.cxx.o -c /home/local/eda03/zixuan/NewPar/include/eigen/bulid_dir/CMakeFiles/CMakeTmp/src.cxx
c++: error: unrecognized command line option '-wd981'
CMakeFiles/cmTC_0e05f.dir/build.make:65: recipe for target 'CMakeFiles/cmTC_0e05f.dir/src.cxx.o' failed
gmake[1]: *** [CMakeFiles/cmTC_0e05f.dir/src.cxx.o] Error 1
gmake[1]: Leaving directory '/home/local/eda03/zixuan/NewPar/include/eigen/bulid_dir/CMakeFiles/CMakeTmp'
Makefile:121: recipe for target 'cmTC_0e05f/fast' failed
gmake: *** [cmTC_0e05f/fast] Error 2

Source file was:
int main() { return 0; }
Performing C++ SOURCE FILE Test COMPILER_SUPPORT_wd2304 failed with the following output:
Change Dir: /home/local/eda03/zixuan/NewPar/include/eigen/bulid_dir/CMakeFiles/CMakeTmp

Run Build Command:"/usr/bin/gmake" "cmTC_e5177/fast"
/usr/bin/gmake -f CMakeFiles/cmTC_e5177.dir/build.make CMakeFiles/cmTC_e5177.dir/build
gmake[1]: Entering directory '/home/local/eda03/zixuan/NewPar/include/eigen/bulid_dir/CMakeFiles/CMakeTmp'
Building CXX object CMakeFiles/cmTC_e5177.dir/src.cxx.o
/usr/bin/c++    -std=c++03 -pedantic -Wall -Wextra -Wundef -Wcast-align -Wchar-subscripts -Wnon-virtual-dtor -Wunused-local-typedefs -Wpointer-arith -Wwrite-strings -Wformat-security -Wlogical-op -Wdouble-promotion -Wno-psabi -Wno-variadic-macros -Wno-long-long -fno-check-new -fno-common -fstrict-aliasing -DCOMPILER_SUPPORT_wd2304 -Werror   -wd2304 -o CMakeFiles/cmTC_e5177.dir/src.cxx.o -c /home/local/eda03/zixuan/NewPar/include/eigen/bulid_dir/CMakeFiles/CMakeTmp/src.cxx
c++: error: unrecognized command line option '-wd2304'
CMakeFiles/cmTC_e5177.dir/build.make:65: recipe for target 'CMakeFiles/cmTC_e5177.dir/src.cxx.o' failed
gmake[1]: *** [CMakeFiles/cmTC_e5177.dir/src.cxx.o] Error 1
gmake[1]: Leaving directory '/home/local/eda03/zixuan/NewPar/include/eigen/bulid_dir/CMakeFiles/CMakeTmp'
Makefile:121: recipe for target 'cmTC_e5177/fast' failed
gmake: *** [cmTC_e5177/fast] Error 2

Source file was:
int main() { return 0; }
Performing C++ SOURCE FILE Test COMPILER_SUPPORT_STRICTANSI failed with the following output:
Change Dir: /home/local/eda03/zixuan/NewPar/include/eigen/bulid_dir/CMakeFiles/CMakeTmp

Run Build Command:"/usr/bin/gmake" "cmTC_1eec5/fast"
/usr/bin/gmake -f CMakeFiles/cmTC_1eec5.dir/build.make CMakeFiles/cmTC_1eec5.dir/build
gmake[1]: Entering directory '/home/local/eda03/zixuan/NewPar/include/eigen/bulid_dir/CMakeFiles/CMakeTmp'
Building CXX object CMakeFiles/cmTC_1eec5.dir/src.cxx.o
/usr/bin/c++    -std=c++03 -pedantic -Wall -Wextra -Wundef -Wcast-align -Wchar-subscripts -Wnon-virtual-dtor -Wunused-local-typedefs -Wpointer-arith -Wwrite-strings -Wformat-security -Wlogical-op -Wdouble-promotion -Wno-psabi -Wno-variadic-macros -Wno-long-long -fno-check-new -fno-common -fstrict-aliasing -DCOMPILER_SUPPORT_STRICTANSI -Werror   -strict-ansi -o CMakeFiles/cmTC_1eec5.dir/src.cxx.o -c /home/local/eda03/zixuan/NewPar/include/eigen/bulid_dir/CMakeFiles/CMakeTmp/src.cxx
c++: error: unrecognized command line option '-strict-ansi'; did you mean '-fstrict-enums'?
CMakeFiles/cmTC_1eec5.dir/build.make:65: recipe for target 'CMakeFiles/cmTC_1eec5.dir/src.cxx.o' failed
gmake[1]: *** [CMakeFiles/cmTC_1eec5.dir/src.cxx.o] Error 1
gmake[1]: Leaving directory '/home/local/eda03/zixuan/NewPar/include/eigen/bulid_dir/CMakeFiles/CMakeTmp'
Makefile:121: recipe for target 'cmTC_1eec5/fast' failed
gmake: *** [cmTC_1eec5/fast] Error 2

Source file was:
int main() { return 0; }
Performing C++ SOURCE FILE Test COMPILER_SUPPORT_Qunusedarguments failed with the following output:
Change Dir: /home/local/eda03/zixuan/NewPar/include/eigen/bulid_dir/CMakeFiles/CMakeTmp

Run Build Command:"/usr/bin/gmake" "cmTC_63471/fast"
/usr/bin/gmake -f CMakeFiles/cmTC_63471.dir/build.make CMakeFiles/cmTC_63471.dir/build
gmake[1]: Entering directory '/home/local/eda03/zixuan/NewPar/include/eigen/bulid_dir/CMakeFiles/CMakeTmp'
Building CXX object CMakeFiles/cmTC_63471.dir/src.cxx.o
/usr/bin/c++    -std=c++03 -pedantic -Wall -Wextra -Wundef -Wcast-align -Wchar-subscripts -Wnon-virtual-dtor -Wunused-local-typedefs -Wpointer-arith -Wwrite-strings -Wformat-security -Wlogical-op -Wdouble-promotion -Wno-psabi -Wno-variadic-macros -Wno-long-long -fno-check-new -fno-common -fstrict-aliasing -DCOMPILER_SUPPORT_Qunusedarguments -Werror   -Qunused-arguments -o CMakeFiles/cmTC_63471.dir/src.cxx.o -c /home/local/eda03/zixuan/NewPar/include/eigen/bulid_dir/CMakeFiles/CMakeTmp/src.cxx
c++: error: unrecognized command line option '-Qunused-arguments'; did you mean '-Wunused-argument'?
CMakeFiles/cmTC_63471.dir/build.make:65: recipe for target 'CMakeFiles/cmTC_63471.dir/src.cxx.o' failed
gmake[1]: *** [CMakeFiles/cmTC_63471.dir/src.cxx.o] Error 1
gmake[1]: Leaving directory '/home/local/eda03/zixuan/NewPar/include/eigen/bulid_dir/CMakeFiles/CMakeTmp'
Makefile:121: recipe for target 'cmTC_63471/fast' failed
gmake: *** [cmTC_63471/fast] Error 2

Source file was:
int main() { return 0; }
Determining if the pthread_create exist failed with the following output:
Change Dir: /home/local/eda03/zixuan/NewPar/include/eigen/bulid_dir/CMakeFiles/CMakeTmp

Run Build Command:"/usr/bin/gmake" "cmTC_c5d4a/fast"
/usr/bin/gmake -f CMakeFiles/cmTC_c5d4a.dir/build.make CMakeFiles/cmTC_c5d4a.dir/build
gmake[1]: Entering directory '/home/local/eda03/zixuan/NewPar/include/eigen/bulid_dir/CMakeFiles/CMakeTmp'
Building C object CMakeFiles/cmTC_c5d4a.dir/CheckSymbolExists.c.o
/usr/bin/cc    -o CMakeFiles/cmTC_c5d4a.dir/CheckSymbolExists.c.o   -c /home/local/eda03/zixuan/NewPar/include/eigen/bulid_dir/CMakeFiles/CMakeTmp/CheckSymbolExists.c
Linking C executable cmTC_c5d4a
/usr/bin/cmake -E cmake_link_script CMakeFiles/cmTC_c5d4a.dir/link.txt --verbose=1
/usr/bin/cc      -rdynamic CMakeFiles/cmTC_c5d4a.dir/CheckSymbolExists.c.o  -o cmTC_c5d4a 
CMakeFiles/cmTC_c5d4a.dir/CheckSymbolExists.c.o: In function `main':
CheckSymbolExists.c:(.text+0x1b): undefined reference to `pthread_create'
collect2: error: ld returned 1 exit status
CMakeFiles/cmTC_c5d4a.dir/build.make:86: recipe for target 'cmTC_c5d4a' failed
gmake[1]: *** [cmTC_c5d4a] Error 1
gmake[1]: Leaving directory '/home/local/eda03/zixuan/NewPar/include/eigen/bulid_dir/CMakeFiles/CMakeTmp'
Makefile:121: recipe for target 'cmTC_c5d4a/fast' failed
gmake: *** [cmTC_c5d4a/fast] Error 2

File /home/local/eda03/zixuan/NewPar/include/eigen/bulid_dir/CMakeFiles/CMakeTmp/CheckSymbolExists.c:
/* */
#include <pthread.h>

int main(int argc, char** argv)
{
  (void)argv;
#ifndef pthread_create
  return ((int*)(&pthread_create))[argc];
#else
  (void)argc;
  return 0;
#endif
}

Determining if the function pthread_create exists in the pthreads failed with the following output:
Change Dir: /home/local/eda03/zixuan/NewPar/include/eigen/bulid_dir/CMakeFiles/CMakeTmp

Run Build Command:"/usr/bin/gmake" "cmTC_9dd94/fast"
/usr/bin/gmake -f CMakeFiles/cmTC_9dd94.dir/build.make CMakeFiles/cmTC_9dd94.dir/build
gmake[1]: Entering directory '/home/local/eda03/zixuan/NewPar/include/eigen/bulid_dir/CMakeFiles/CMakeTmp'
Building C object CMakeFiles/cmTC_9dd94.dir/CheckFunctionExists.c.o
/usr/bin/cc   -DCHECK_FUNCTION_EXISTS=pthread_create   -o CMakeFiles/cmTC_9dd94.dir/CheckFunctionExists.c.o   -c /usr/share/cmake-3.13/Modules/CheckFunctionExists.c
Linking C executable cmTC_9dd94
/usr/bin/cmake -E cmake_link_script CMakeFiles/cmTC_9dd94.dir/link.txt --verbose=1
/usr/bin/cc  -DCHECK_FUNCTION_EXISTS=pthread_create    -rdynamic CMakeFiles/cmTC_9dd94.dir/CheckFunctionExists.c.o  -o cmTC_9dd94 -lpthreads 
/usr/bin/ld: cannot find -lpthreads
collect2: error: ld returned 1 exit status
CMakeFiles/cmTC_9dd94.dir/build.make:86: recipe for target 'cmTC_9dd94' failed
gmake[1]: *** [cmTC_9dd94] Error 1
gmake[1]: Leaving directory '/home/local/eda03/zixuan/NewPar/include/eigen/bulid_dir/CMakeFiles/CMakeTmp'
Makefile:121: recipe for target 'cmTC_9dd94/fast' failed
gmake: *** [cmTC_9dd94/fast] Error 2


